[debug] [2019-03-13T09:34:22.793Z] ----------------------------------------------------------------------
[debug] [2019-03-13T09:34:22.801Z] Command:       C:\Program Files\nodejs\node.exe C:\Users\i.martis\AppData\Roaming\npm\node_modules\firebase-tools\lib\bin\firebase.js serve
[debug] [2019-03-13T09:34:22.801Z] CLI Version:   6.5.0
[debug] [2019-03-13T09:34:22.802Z] Platform:      win32
[debug] [2019-03-13T09:34:22.802Z] Node Version:  v10.14.2
[debug] [2019-03-13T09:34:22.804Z] Time:          Wed Mar 13 2019 10:34:22 GMT+0100 (GMT+01:00)
[debug] [2019-03-13T09:34:22.804Z] ----------------------------------------------------------------------
[debug] 
[debug] [2019-03-13T09:34:22.826Z] > command requires scopes: ["email","openid","https://www.googleapis.com/auth/cloudplatformprojects.readonly","https://www.googleapis.com/auth/firebase","https://www.googleapis.com/auth/cloud-platform"]
[debug] [2019-03-13T09:34:22.827Z] > authorizing via signed-in user
[debug] [2019-03-13T09:34:22.828Z] [iam] checking project realmenu-454e9 for permissions ["firebase.projects.get"]
[debug] [2019-03-13T09:34:22.837Z] >>> HTTP REQUEST POST https://cloudresourcemanager.googleapis.com/v1/projects/realmenu-454e9:testIamPermissions  

[debug] [2019-03-13T09:34:23.823Z] <<< HTTP RESPONSE 200
[debug] [2019-03-13T09:34:23.828Z] >>> HTTP REQUEST GET https://cloudresourcemanager.googleapis.com/v1/projects/realmenu-454e9  
 
[debug] [2019-03-13T09:34:24.627Z] <<< HTTP RESPONSE 200
[info] 
[info] === Serving from 'C:\Users\i.martis\Documents\projects\realmenu_landing'...
[info] 
[debug] [2019-03-13T09:34:24.638Z] >>> HTTP REQUEST GET https://mobilesdk-pa.googleapis.com/v1/projects/52109076590/clients/_:getWebAppConfig  
 
[debug] [2019-03-13T09:34:25.191Z] <<< HTTP RESPONSE 200
[info] +  hosting[realmenu]: Local server: http://localhost:5000
